[06:28:10] [ServerMain/INFO]: Environment: authHost='https://authserver.mojang.com', accountsHost='https://api.mojang.com', sessionHost='https://sessionserver.mojang.com', servicesHost='https://api.minecraftservices.com', name='PROD'
[06:28:11] [ServerMain/INFO]: Loaded 7 recipes
[06:28:11] [ServerMain/INFO]: Loaded 1179 advancements
[06:28:12] [Server thread/INFO]: Starting minecraft server version 1.19.4
[06:28:12] [Server thread/INFO]: Loading properties
[06:28:12] [Server thread/INFO]: Default game type: SURVIVAL
[06:28:12] [Server thread/INFO]: Generating keypair
[06:28:12] [Server thread/INFO]: Starting Minecraft server on *:25565
[06:28:12] [Server thread/INFO]: Using epoll channel type
[06:28:12] [Server thread/WARN]: **** SERVER IS RUNNING IN OFFLINE/INSECURE MODE!
[06:28:12] [Server thread/WARN]: The server will make no attempt to authenticate usernames. Beware.
[06:28:12] [Server thread/WARN]: While this makes the game possible to play without internet access, it also opens up the ability for hackers to connect with any username they choose.
[06:28:12] [Server thread/WARN]: To change this, set "online-mode" to "true" in the server.properties file.
[06:28:12] [Server thread/INFO]: Preparing level "world"
[06:28:13] [Server thread/INFO]: Preparing start region for dimension minecraft:overworld
[06:28:15] [Worker-Main-10/INFO]: Preparing spawn area: 0%
[06:28:15] [Worker-Main-11/INFO]: Preparing spawn area: 0%
[06:28:15] [Worker-Main-11/INFO]: Preparing spawn area: 0%
[06:28:15] [Worker-Main-10/INFO]: Preparing spawn area: 0%
[06:28:15] [Worker-Main-10/INFO]: Preparing spawn area: 0%
[06:28:15] [Worker-Main-6/INFO]: Preparing spawn area: 23%
[06:28:16] [Worker-Main-6/INFO]: Preparing spawn area: 99%
[06:28:16] [Server thread/INFO]: Time elapsed: 3024 ms
[06:28:16] [Server thread/INFO]: Done (4.170s)! For help, type "help"
[06:28:56] [Server thread/INFO]: victoryodono[/127.0.0.1:45982] logged in with entity id 233 at (106.5, 71.0, 40.5)
[06:28:56] [Server thread/INFO]: victoryodono joined the game
[06:29:02] [Server thread/INFO]: victoryodono lost connection: Disconnected
[06:29:02] [Server thread/INFO]: victoryodono left the game
[06:29:07] [Server thread/INFO]: Stopping server
[06:29:07] [Server thread/INFO]: Saving players
[06:29:07] [Server thread/INFO]: Saving worlds
[06:29:08] [Server thread/INFO]: Saving chunks for level 'ServerLevel[world]'/minecraft:overworld
[06:29:09] [Server thread/INFO]: Saving chunks for level 'ServerLevel[world]'/minecraft:the_end
[06:29:09] [Server thread/INFO]: Saving chunks for level 'ServerLevel[world]'/minecraft:the_nether
[06:29:09] [Server thread/INFO]: ThreadedAnvilChunkStorage (world): All chunks are saved
[06:29:09] [Server thread/INFO]: ThreadedAnvilChunkStorage (DIM1): All chunks are saved
[06:29:09] [Server thread/INFO]: ThreadedAnvilChunkStorage (DIM-1): All chunks are saved
[06:29:09] [Server thread/INFO]: ThreadedAnvilChunkStorage: All dimensions are saved
